  ---
  MCRTSimulation 项目分析：槽式 CSP 能流密度仿真
                                                                                                                                                                                                                                         1. 项目概览
                                                                                                                                                                                                                                       
  这是一个基于 CUDA 加速的蒙特卡洛光线追踪（MCRT） 热仿真求解器，专门针对槽式抛物面太阳能集热器（Parabolic Trough Solar Collector, PTSC） 的集热管外表面能流密度分布进行计算。                                                        

  核心技术路线：反向光线追踪 — 光线从集热管表面出发，反向追踪至抛物面镜，再反射回太阳方向。这种"反向追踪"只需要计算实际到达集热管的光线贡献，大幅减少无效计算。

  ---
  2. 仿真管线（完整数据流）

  config.json  →  CPU加载配置  →  cudaMemcpyToSymbol (常量内存)
                                      ↓
  MT19937 RNG  →  预生成随机池 (1M float2) + RSIA  →  cudaMemcpy (全局内存)
                                      ↓
                              GPU Kernel <<<grid, block>>>
                              每线程处理一根光线:
                                1. sampleTrough()      — 抛物面采样
                                2. SampleSunshape()    — 太阳锥采样
                                3. intersectAbsorber() — 阴影遮挡测试
                                4. reflect()           — 理想镜面反射
                                5. GaussianPerturb()   — 面形+镜面误差扰动
                                6. intersectAbsorber() — 集热管求交
                                7. atomicAdd()         — 能流累积
                                      ↓
                          Gaussian Filter (CUDA kernel)
                                      ↓
                          cudaMemcpy Device→Host
                                      ↓
                          能流标定 (kW/m²) + CSV输出
                                      ↓
                          Python 可视化脚本

  ---
  3. 几何建模

  3.1 坐标系约定

  - X轴：槽式抛物面的开口宽度方向（水平横向）
  - Y轴：集热管/抛物面的长度方向（轴向）
  - Z轴：竖直方向，抛物面公式为 ( z = \frac{x^2}{4f} )

  3.2 抛物面 (trough_intersect.cuh)

  抛物面方程为 ( F(x,z) = x^2 - 4fz = 0 )，其法向量为 ( \mathbf{N} = (2x, 0, -4f) )。

  分段子镜系统：镜面被分为 6 段（NUM_SUB_MIRRORS = 6），以中心对称分布。当前配置中：
  - 左侧 3 段：[-4.30751, -3.07864], [-3.06864, -1.64956], [-1.63956, -0.075]
  - 右侧 3 段：[0.075, 1.64956], [1.64956, 3.07864], [3.07864, 4.30751]
  - 中心有 0.15m 间隙（用于集热管支撑结构）
  - 子镜间有 0.01m 间隙

  sampleTrough() 使用随机采样方式：根据 u1 在总有效宽度上均匀随机采样，通过累加宽度定位到具体子镜段，再映射得到准确的 ( (x, y, z) ) 坐标。这是一种area-uniform sampling。

  求交函数 intersectTrough() 求解光线与抛物面的二次方程，并进行长度裁剪和子镜边界判定。使用了数值鲁棒的一元二次求根公式（solve_quadratic），避免了浮点数精度相消问题。

  3.3 集热管 (absorber_intersect.cuh)

  集热管为无限长圆柱体（仅在 ZX 平面上为圆形）：
  [
  (x - C_x)^2 + (z - C_z)^2 = r^2
  ]

  - 半径 r = 0.04m (DN80)
  - 管中心位置 (0.019, 0.9, 1.7) — Z=1.7 与焦距重合，X=0.019 为偏心设计
  - 管长度 1.9m，略长于镜面长度 1.8m
  - 轴向裁剪：|y - position.y| ≤ length/2

  ---
  4. 光学模型

  4.1 太阳形状模型 (sun_shape.cuh)

  支持 4 种太阳亮度分布模型：

  ┌──────────┬────────────────────────────────────────────┬──────────────────────────┐
  │   模型   │                  采样方法                  │         适用场景         │
  ├──────────┼────────────────────────────────────────────┼──────────────────────────┤
  │ UNIFORM  │ (\theta = \theta_{max} \sqrt{u_1})         │ 快速粗略估计             │
  ├──────────┼────────────────────────────────────────────┼──────────────────────────┤
  │ GAUSSIAN │ (\theta = \sigma \sqrt{-2\ln(u_1)})        │ 中等精度                 │
  ├──────────┼────────────────────────────────────────────┼──────────────────────────┤
  │ BUIE     │ 从 CSR CSV 文件构建 CDF，二分查找+线性插值 │ 高精度（Buie 2003 模型） │
  ├──────────┼────────────────────────────────────────────┼──────────────────────────┤
  │ DEFINED  │ 同上（通用自定义）                         │ 任意实测数据导入         │
  └──────────┴────────────────────────────────────────────┴──────────────────────────┘

  当前配置使用 DEFINED 模型，从 CSR-5.csv 导入（Circumsolar Ratio = 5% 的 Buie 数据）。

  CDF 构建过程：
  1. 从 CSV 读取 (角度[mrad], 强度) 对
  2. 梯形积分计算累积分布（含 2π sinθ dθ 立体角因子）
  3. 归一化后存入 GPU 全局内存

  从太阳局部坐标到世界坐标的变换：通过 local2world() 构筑局部坐标系，将太阳锥方向绕太阳中心方向（由 azimuth + zenith 指定）旋转。

  4.2 表面误差模型 (surface_error.cuh)

  采用 Gaussian Perturbation 模型：
  [
  \sigma_{total} = \sqrt{4\sigma_{slope}^2 + \sigma_{specularity}^2}
  ]

  - slope_error = 2 mrad — 镜面宏观斜率误差
  - specularity_error = 2.5 mrad — 镜面微观镜面反射误差
  - 总等效误差 ≈ 4.72 mrad（注意：slope 前有因子 4，因为反射角误差 = 2×入射角误差）

  使用 Box-Muller 变换生成高斯分布的扰动角度：
  [
  \theta = \sigma \sqrt{-2\ln(u_1)}, \quad \phi = 2\pi u_2
  ]
  然后在 reflect() 理想反射方向的基础上施加此扰动。

  4.3 阴影遮挡测试

  在光线从集热管反射到镜面之前，先进行一次 intersectAbsorber(ray_origin, ray_in) 测试：
  - 如果光线先击中集热管，说明该路径被集热管自身遮挡（shadowing），直接丢弃
  - 注意这里 ray_in 是从太阳中心方向采样的，实际物理含义是"从镜面反射后是否能无遮挡地到达太阳"

  ---
  5. CUDA 性能设计

  5.1 随机数预生成池 (random_pools.cu)

  这是该项目最核心的性能优化之一。传统 MCRT 在每个 kernel 线程中调用 curand，会造成：
  - 大量寄存器占用
  - 随机数生成器的串行依赖
  - 线程束内分支发散

  本项目的解决方案：
  1. CPU 端用 MT19937 预生成 1M 个 float2 随机数对（POOL_SIZE = 1048576）
  2. 为每根光线预分配一个随机起始索引（RSIA）
  3. 在 kernel 中通过 hash_index(start_idx * 13 + dimension * 71) 对三个采样维度（起点、太阳、误差）产生不同的哈希偏移
  4. 使用位掩码 & (pool_size - 1) 做快速取模（依赖 pool_size 为 2 的幂）

  优点：无锁、O(1) 查表、极低延迟。缺点：伪随机质量依赖于哈希函数的去相关性。

  5.2 内存层次

  ┌─────────────────────┬──────────────┬───────────┬─────────────────────────────────┐
  │        数据         │     位置     │   大小    │              特性               │
  ├─────────────────────┼──────────────┼───────────┼─────────────────────────────────┤
  │ d_trough_config     │ __constant__ │ ~64B      │ 所有线程广播，零延迟            │
  ├─────────────────────┼──────────────┼───────────┼─────────────────────────────────┤
  │ d_absorber_config   │ __constant__ │ ~32B      │ 同上                            │
  ├─────────────────────┼──────────────┼───────────┼─────────────────────────────────┤
  │ d_sun_config        │ __constant__ │ ~48B      │ 同上（但 CDF 指针指向全局内存） │
  ├─────────────────────┼──────────────┼───────────┼─────────────────────────────────┤
  │ d_sim_config        │ __constant__ │ ~32B      │ 同上                            │
  ├─────────────────────┼──────────────┼───────────┼─────────────────────────────────┤
  │ d_random_pool       │ 全局内存     │ 8MB       │ 随机查表，可能未合并            │
  ├─────────────────────┼──────────────┼───────────┼─────────────────────────────────┤
  │ d_rsia              │ 全局内存     │ 4N bytes  │ 每光线一次读取，已合并          │
  ├─────────────────────┼──────────────┼───────────┼─────────────────────────────────┤
  │ d_cdf_angles/values │ 全局内存     │ ~200B     │ 二分查找，控制流发散            │
  ├─────────────────────┼──────────────┼───────────┼─────────────────────────────────┤
  │ d_flux_map          │ 全局内存     │ grid 大小 │ atomicAdd 写入，可能有竞争      │
  └─────────────────────┴──────────────┴───────────┴─────────────────────────────────┘

  5.3 Kernel 启动配置

  - Block Size: 256（每 block 256 线程）
  - Grid Size: (N + 255) / 256（一维 grid，每个线程处理一根光线）
  - 编译选项: -O3 -use_fast_math --generate-line-info
  - 目标架构: SM 86（RTX 30/40 系列）

  ---
  6. 后处理与能流标定

  6.1 网格化

  集热管表面被离散为 grid_res_x × grid_res_z = 60 × 100 的网格：
  - X 方向（周向）：60 格，覆盖 360° 圆周角
  - Z 方向（轴向）：100 格，覆盖集热管长度

  命中点按以下公式分配格子：
  bin_x = (atan2(P.x - C.x, P.z - C.z) / (2π)) × grid_res_x
  bin_z = ((P.y - C.y + L/2) / L) × grid_res_z

  6.2 能流标定公式

  aperture_area = valid_width × length
  absorber_surface_area = 2πr × absorber_length
  bin_area = absorber_surface_area / (grid_res_x × grid_res_z)
  flux_scale_kW = (DNI × aperture_area) / (N × bin_area) × 0.001

  最终能流密度：( E_{bin} [kW/m^2] = \frac{N_{hit} \cdot \rho \cdot DNI \cdot A_{aperture}}{N_{total} \cdot A_{bin}} )

  其中 ρ = reflectivity = 0.92。

  6.3 高斯滤波 (gaussian_filter.cuh)

  使用 5×5 卷积核（radius=2, sigma=1.2），边界处理：
  - 周向（X）：周期边界（圆柱面缝合）— (x+dx) % grid_res_x
  - 轴向（Z）：Clamp 边界 — min(max(z+dz, 0), grid_res_z-1)

  ---
  7. 当前配置参数关键数据

  ┌────────────┬──────────────┬────────────────┐
  │    参数    │      值      │      说明      │
  ├────────────┼──────────────┼────────────────┤
  │ 总光线数   │ 10,000,000   │ 一千万条光线   │
  ├────────────┼──────────────┼────────────────┤
  │ 焦距       │ 1.7m         │ 抛物面焦距     │
  ├────────────┼──────────────┼────────────────┤
  │ 开口宽度   │ 8.61502m     │ 镜面总宽度     │
  ├────────────┼──────────────┼────────────────┤
  │ 镜面长度   │ 1.8m         │ Y 方向长度     │
  ├────────────┼──────────────┼────────────────┤
  │ 集热管半径 │ 0.04m (DN80) │ 外径 80mm      │
  ├────────────┼──────────────┼────────────────┤
  │ 集热管偏心 │ X=0.019m     │ 微小偏心       │
  ├────────────┼──────────────┼────────────────┤
  │ 反射率     │ 0.92         │ 92%            │
  ├────────────┼──────────────┼────────────────┤
  │ 太阳 DNI   │ 1000 W/m²    │ 标准测试条件   │
  ├────────────┼──────────────┼────────────────┤
  │ 太阳天顶角 │ 0°           │ 正入射         │
  ├────────────┼──────────────┼────────────────┤
  │ 太阳方位角 │ 180°         │ —              │
  ├────────────┼──────────────┼────────────────┤
  │ 边缘角     │ ~51.8°       │ 2·arctan(W/4f) │
  └────────────┴──────────────┴────────────────┘

  ---
  8. Python 工具链分析

  ┌──────────────────────────────┬───────────────────────────────────────────────────┐
  │             脚本             │                       功能                        │
  ├──────────────────────────────┼───────────────────────────────────────────────────┤
  │ paint_energy_distribution.py │ 2D 热力图 + 3D 表面图，从 CSV 渲染                │
  ├──────────────────────────────┼───────────────────────────────────────────────────┤
  │ scan_intercept.py            │ 参数扫描：不同 slope error × 不同管径 (DN80/DN90) │
  ├──────────────────────────────┼───────────────────────────────────────────────────┤
  │ scan_focal_length.py         │ 焦距敏感度扫描 (1.2m–2.7m) vs 不同面型误差        │
  ├──────────────────────────────┼───────────────────────────────────────────────────┤
  │ find_optimal_focal.py        │ 多开口宽度 × 焦距的联合寻优，含边缘角计算         │
  └──────────────────────────────┴───────────────────────────────────────────────────┘

  ---
  9. 优点与亮点

  1. 随机池设计精巧：用预生成 + 哈希查表替代 curand，是实际工程中有效的加速手段
  2. 内存层次利用合理：常量内存存储配置，全局内存存数据池，充分利用 GPU 缓存
  3. 几何建模精确：二次方程鲁棒求根 + 分段子镜 + 阴影遮蔽测试，物理建模完整
  4. 太阳模型灵活：支持从 CSV 导入任意实测 CSR 数据
  5. 后处理完善：高斯滤波边界处理正确（周长周期性 + 轴向 clamp）
  6. Python 工具链完整：自动化参数扫描 + 可视化，具有良好的工程实用性

  10. 潜在问题与改进方向

  1. 随机池的随机质量：hash_index 函数的雪崩效应未经严格验证，1M 大小的池在 1D 十M 光线下可能产生统计偏差。建议用 Diehard/NIST 测试套件验证。
  2. CDF 二分查找发散：SampleThetaFromcdf 中的二分查找（while 循环）会导致线程束内严重分支发散。对于 50 个离散点，可考虑将 CDF 均匀重采样到固定大小的查找表（如 256 项），用直接索引替代二分。
  3. 能流密度计算逻辑有误：main.cu:117 的 total_intercepted_energy 计算有逻辑错误 — 它直接对 flux_map 求和，但 flux_map 是能流密度 (kW/m²) 而非能量 (kW)。实际上 optical_efficiency 的计算方式 total_intercepted_energy / (N *
  flux_scale_kW) 维度不一致。应改为 total_intercepted_energy * bin_area。
  4. use_fast_math 风险：牺牲了部分 IEEE 浮点精度换取速度，可能对求交计算的精度有轻微影响。对于 sqrtf、sinf/cosf 密集型计算影响较大。
  5. atomicAdd 竞争：10M 光线写入 6000 个格子，平均每格 ~1667 次原子操作。虽然竞争不算剧烈，但在高能流区域仍会成为瓶颈。可考虑用 warp-level reduction 或每 block 的共享内存累加器优化。
  6. 缺少 GPU 端错误检查：kernel 启动后仅用 cudaGetLastError() 检查，未使用 cudaDeviceSynchronize() 捕获 kernel 内部的异步错误。

✻ Cooked for 3m 8s

※ recap: 已完成对 MCRT 槽式 CSP 仿真项目的全面分析，涵盖 CUDA 光线追踪管线、几何/光学模型、内存架构和 Python 工具链。发现了能流标定中的一个计算逻辑问题（flux_map 求和维度不一致）。如果需要修复这个问题或深入某个模块，随时告诉我。     (disable recaps in /config)
